<?xml version="1.0" encoding="UTF-8"?>
<!-- Generated by org.testng.reporters.JUnitReportReporter -->
<testsuite skipped="0" hostname="PoWeR-PC" name="tests.LoginTest" tests="1" failures="0" timestamp="17 фев 2019 00:31:30 GMT" time="150.700" errors="0">
  <testcase name="loginToGmailTest" time="150.700" classname="tests.LoginTest"/>
</testsuite> <!-- tests.LoginTest -->
